<!DOCTYPE html PUBLIC "-//W3C//DTD XHTML 1.1//EN" "http://www.w3.org/TR/xhtml11/DTD/xhtml11.dtd">
<html xmlns="http://www.w3.org/1999/xhtml"><head><title>TestNG Report</title><style type="text/css">table {margin-bottom:10px;border-collapse:collapse;empty-cells:show}th,td {border:1px solid #009;padding:.25em .5em}th {vertical-align:bottom}td {vertical-align:top}table a {font-weight:bold}.stripe td {background-color: #E6EBF9}.num {text-align:right}.passedodd td {background-color: #3F3}.passedeven td {background-color: #0A0}.skippedodd td {background-color: #DDD}.skippedeven td {background-color: #CCC}.failedodd td,.attn {background-color: #F33}.failedeven td,.stripe .attn {background-color: #D00}.stacktrace {white-space:pre;font-family:monospace}.totop {font-size:85%;text-align:center;border-bottom:2px solid #000}</style></head><body><table><tr><th>Test</th><th># Passed</th><th># Skipped</th><th># Failed</th><th>Time (ms)</th><th>Included Groups</th><th>Excluded Groups</th></tr><tr><th colspan="7">All Test Suite</th></tr><tr><td><a href="#t0">登录</a></td><td class="num">6</td><td class="num">0</td><td class="num">0</td><td class="num">5,960</td><td></td><td></td></tr><tr class="stripe"><td><a href="#t1">充值</a></td><td class="num">1</td><td class="num">0</td><td class="num attn">4</td><td class="num">2,462</td><td></td><td></td></tr><tr><th>Total</th><th class="num">7</th><th class="num">0</th><th class="num attn">4</th><th class="num">8,422</th><th colspan="2"></th></tr></table><table><thead><tr><th>Class</th><th>Method</th><th>Start</th><th>Time (ms)</th></tr></thead><tbody><tr><th colspan="4">All Test Suite</th></tr></tbody><tbody id="t0"><tr><th colspan="4">登录 &#8212; passed</th></tr><tr class="passedeven"><td rowspan="6">com.lemon17.cases.LoginCase</td><td><a href="#m0">test</a></td><td rowspan="6">1590679761497</td><td rowspan="6">1780</td></tr><tr class="passedeven"><td><a href="#m1">test</a></td></tr><tr class="passedeven"><td><a href="#m2">test</a></td></tr><tr class="passedeven"><td><a href="#m3">test</a></td></tr><tr class="passedeven"><td><a href="#m4">test</a></td></tr><tr class="passedeven"><td><a href="#m5">test</a></td></tr></tbody><tbody id="t1"><tr><th colspan="4">充值 &#8212; failed</th></tr><tr class="failedeven"><td rowspan="4">com.lemon17.cases.RechargeCase</td><td><a href="#m6">test</a></td><td rowspan="4">1590679764798</td><td rowspan="4">98</td></tr><tr class="failedeven"><td><a href="#m7">test</a></td></tr><tr class="failedeven"><td><a href="#m8">test</a></td></tr><tr class="failedeven"><td><a href="#m9">test</a></td></tr><tr><th colspan="4">充值 &#8212; passed</th></tr><tr class="passedeven"><td rowspan="1">com.lemon17.cases.RechargeCase</td><td><a href="#m10">test</a></td><td rowspan="1">1590679765106</td><td rowspan="1">1685</td></tr></tbody></table><h2>登录</h2><h3 id="m0">com.lemon17.cases.LoginCase#test</h3><table class="result"><tr class="param"><th>Parameter #1</th></tr><tr class="param stripe"><td>CaseInfo{caseId=1, name=&apos;login&apos;, url=&apos;http://api.lemonban.com/futureloan/member/login&apos;, type=&apos;post&apos;, desc=&apos;传手机号,不传密码&apos;, params=&apos;{&quot;mobile_phone&quot;:&quot;19000000000&quot;,&quot;pwd&quot;:&quot;&quot;}&apos;, contentType=&apos;json&apos;, expectedData=&apos;{&quot;$.code&quot;:0,&quot;$.msg&quot;:&quot;OK&quot;}&apos;, SQL=&apos;null&apos;}</td></tr></table><p class="totop"><a href="#summary">back to summary</a></p><h3 id="m1">com.lemon17.cases.LoginCase#test</h3><table class="result"><tr class="param"><th>Parameter #1</th></tr><tr class="param stripe"><td>CaseInfo{caseId=4, name=&apos;login&apos;, url=&apos;http://api.lemonban.com/futureloan/member/login&apos;, type=&apos;post&apos;, desc=&apos;合格的手机号+不合格密码&apos;, params=&apos;{&quot;mobile_phone&quot;:&quot;13000005555&quot;,&quot;pwd&quot;:&quot;12345&quot;}&apos;, contentType=&apos;json&apos;, expectedData=&apos;{&quot;$.code&quot;:0,&quot;$.msg&quot;:&quot;OK&quot;}&apos;, SQL=&apos;null&apos;}</td></tr></table><p class="totop"><a href="#summary">back to summary</a></p><h3 id="m2">com.lemon17.cases.LoginCase#test</h3><table class="result"><tr class="param"><th>Parameter #1</th></tr><tr class="param stripe"><td>CaseInfo{caseId=5, name=&apos;login&apos;, url=&apos;http://api.lemonban.com/futureloan/member/login&apos;, type=&apos;post&apos;, desc=&apos;合格手机号+合格密码&apos;, params=&apos;{&quot;mobile_phone&quot;:&quot;13000005555&quot;,&quot;pwd&quot;:&quot;12345678&quot;}&apos;, contentType=&apos;json&apos;, expectedData=&apos;{&quot;$.code&quot;:0,&quot;$.msg&quot;:&quot;OK&quot;}&apos;, SQL=&apos;null&apos;}</td></tr></table><p class="totop"><a href="#summary">back to summary</a></p><h3 id="m3">com.lemon17.cases.LoginCase#test</h3><table class="result"><tr class="param"><th>Parameter #1</th></tr><tr class="param stripe"><td>CaseInfo{caseId=6, name=&apos;login&apos;, url=&apos;http://api.lemonban.com/futureloan/member/login&apos;, type=&apos;post&apos;, desc=&apos;重复以上的手机号+密码&apos;, params=&apos;{&quot;mobile_phone&quot;:&quot;13000005555&quot;,&quot;pwd&quot;:&quot;12345678&quot;}&apos;, contentType=&apos;json&apos;, expectedData=&apos;{&quot;$.code&quot;:0,&quot;$.msg&quot;:&quot;OK&quot;,&quot;$.data.mobile_phone&quot;:&quot;13888444411&quot;}&apos;, SQL=&apos;null&apos;}</td></tr></table><p class="totop"><a href="#summary">back to summary</a></p><h3 id="m4">com.lemon17.cases.LoginCase#test</h3><table class="result"><tr class="param"><th>Parameter #1</th></tr><tr class="param stripe"><td>CaseInfo{caseId=2, name=&apos;login&apos;, url=&apos;http://api.lemonban.com/futureloan/member/login&apos;, type=&apos;post&apos;, desc=&apos;不传手机号，传密码&apos;, params=&apos;{&quot;mobile_phone&quot;:&quot;&quot;,&quot;pwd&quot;:&quot;123456&quot;}&apos;, contentType=&apos;json&apos;, expectedData=&apos;{&quot;$.code&quot;:0,&quot;$.msg&quot;:&quot;OK&quot;}&apos;, SQL=&apos;null&apos;}</td></tr></table><p class="totop"><a href="#summary">back to summary</a></p><h3 id="m5">com.lemon17.cases.LoginCase#test</h3><table class="result"><tr class="param"><th>Parameter #1</th></tr><tr class="param stripe"><td>CaseInfo{caseId=3, name=&apos;login&apos;, url=&apos;http://api.lemonban.com/futureloan/member/login&apos;, type=&apos;post&apos;, desc=&apos;不合格的手机号&apos;, params=&apos;{&quot;mobile_phone&quot;:&quot;123&quot;,&quot;pwd&quot;:&quot;123456&quot;}&apos;, contentType=&apos;json&apos;, expectedData=&apos;{&quot;$.code&quot;:0,&quot;$.msg&quot;:&quot;OK&quot;}&apos;, SQL=&apos;null&apos;}</td></tr></table><p class="totop"><a href="#summary">back to summary</a></p><h2>充值</h2><h3 id="m6">com.lemon17.cases.RechargeCase#test</h3><table class="result"><tr class="param"><th>Parameter #1</th></tr><tr class="param stripe"><td>CaseInfo{caseId=2, name=&apos;recharge&apos;, url=&apos;http://api.lemonban.com/futureloan/member/recharge&apos;, type=&apos;post&apos;, desc=&apos;超过50万&apos;, params=&apos;{&quot;member_id&quot;:&quot;100051395&quot;,&quot;amount&quot;:&quot;1116300&quot;}&apos;, contentType=&apos;json&apos;, expectedData=&apos;{&quot;$.code&quot;:0,&quot;$.msg&quot;:&quot;OK&quot;}&apos;, SQL=&apos;null&apos;}</td></tr><tr><th>Exception</th></tr><tr><td><div class="stacktrace">java.lang.AssertionError: expected [true] but found [false]
	at org.testng.Assert.fail(Assert.java:94)
	at org.testng.Assert.failNotEquals(Assert.java:494)
	at org.testng.Assert.assertEquals(Assert.java:123)
	at org.testng.Assert.assertEquals(Assert.java:286)
	at org.testng.Assert.assertEquals(Assert.java:296)
	at com.lemon17.cases.RechargeCase.test(RechargeCase.java:91)
	at sun.reflect.NativeMethodAccessorImpl.invoke0(Native Method)
	at sun.reflect.NativeMethodAccessorImpl.invoke(NativeMethodAccessorImpl.java:62)
	at sun.reflect.DelegatingMethodAccessorImpl.invoke(DelegatingMethodAccessorImpl.java:43)
	at java.lang.reflect.Method.invoke(Method.java:498)
	at org.testng.internal.MethodInvocationHelper.invokeMethod(MethodInvocationHelper.java:85)
	at org.testng.internal.Invoker.invokeMethod(Invoker.java:696)
	at org.testng.internal.Invoker.invokeTestMethod(Invoker.java:882)
	at org.testng.internal.Invoker.invokeTestMethods(Invoker.java:1189)
	at org.testng.internal.TestMethodWorker.invokeTestMethods(TestMethodWorker.java:124)
	at org.testng.internal.TestMethodWorker.run(TestMethodWorker.java:108)
	at org.testng.TestRunner.privateRun(TestRunner.java:767)
	at org.testng.TestRunner.run(TestRunner.java:617)
	at org.testng.SuiteRunner.runTest(SuiteRunner.java:348)
	at org.testng.SuiteRunner.runSequentially(SuiteRunner.java:343)
	at org.testng.SuiteRunner.privateRun(SuiteRunner.java:305)
	at org.testng.SuiteRunner.run(SuiteRunner.java:254)
	at org.testng.SuiteRunnerWorker.runSuite(SuiteRunnerWorker.java:52)
	at org.testng.SuiteRunnerWorker.run(SuiteRunnerWorker.java:86)
	at org.testng.TestNG.runSuitesSequentially(TestNG.java:1224)
	at org.testng.TestNG.runSuitesLocally(TestNG.java:1149)
	at org.testng.TestNG.run(TestNG.java:1057)
	at org.apache.maven.surefire.testng.TestNGExecutor.run(TestNGExecutor.java:283)
	at org.apache.maven.surefire.testng.TestNGXmlTestSuite.execute(TestNGXmlTestSuite.java:75)
	at org.apache.maven.surefire.testng.TestNGProvider.invoke(TestNGProvider.java:120)
	at org.apache.maven.surefire.booter.ForkedBooter.invokeProviderInSameClassLoader(ForkedBooter.java:384)
	at org.apache.maven.surefire.booter.ForkedBooter.runSuitesInProcess(ForkedBooter.java:345)
	at org.apache.maven.surefire.booter.ForkedBooter.execute(ForkedBooter.java:126)
	at org.apache.maven.surefire.booter.ForkedBooter.main(ForkedBooter.java:418)
</div></td></tr></table><p class="totop"><a href="#summary">back to summary</a></p><h3 id="m7">com.lemon17.cases.RechargeCase#test</h3><table class="result"><tr class="param"><th>Parameter #1</th></tr><tr class="param stripe"><td>CaseInfo{caseId=4, name=&apos;recharge&apos;, url=&apos;http://api.lemonban.com/futureloan/member/recharge&apos;, type=&apos;post&apos;, desc=&apos;非数字&apos;, params=&apos;{&quot;member_id&quot;:&quot;100051395&quot;,&quot;amount&quot;:&quot;aaa&quot;}&apos;, contentType=&apos;json&apos;, expectedData=&apos;{&quot;$.code&quot;:0,&quot;$.msg&quot;:&quot;OK&quot;}&apos;, SQL=&apos;null&apos;}</td></tr><tr><th>Exception</th></tr><tr><td><div class="stacktrace">java.lang.AssertionError: expected [true] but found [false]
	at org.testng.Assert.fail(Assert.java:94)
	at org.testng.Assert.failNotEquals(Assert.java:494)
	at org.testng.Assert.assertEquals(Assert.java:123)
	at org.testng.Assert.assertEquals(Assert.java:286)
	at org.testng.Assert.assertEquals(Assert.java:296)
	at com.lemon17.cases.RechargeCase.test(RechargeCase.java:91)
	at sun.reflect.NativeMethodAccessorImpl.invoke0(Native Method)
	at sun.reflect.NativeMethodAccessorImpl.invoke(NativeMethodAccessorImpl.java:62)
	at sun.reflect.DelegatingMethodAccessorImpl.invoke(DelegatingMethodAccessorImpl.java:43)
	at java.lang.reflect.Method.invoke(Method.java:498)
	at org.testng.internal.MethodInvocationHelper.invokeMethod(MethodInvocationHelper.java:85)
	at org.testng.internal.Invoker.invokeMethod(Invoker.java:696)
	at org.testng.internal.Invoker.invokeTestMethod(Invoker.java:882)
	at org.testng.internal.Invoker.invokeTestMethods(Invoker.java:1189)
	at org.testng.internal.TestMethodWorker.invokeTestMethods(TestMethodWorker.java:124)
	at org.testng.internal.TestMethodWorker.run(TestMethodWorker.java:108)
	at org.testng.TestRunner.privateRun(TestRunner.java:767)
	at org.testng.TestRunner.run(TestRunner.java:617)
	at org.testng.SuiteRunner.runTest(SuiteRunner.java:348)
	at org.testng.SuiteRunner.runSequentially(SuiteRunner.java:343)
	at org.testng.SuiteRunner.privateRun(SuiteRunner.java:305)
	at org.testng.SuiteRunner.run(SuiteRunner.java:254)
	at org.testng.SuiteRunnerWorker.runSuite(SuiteRunnerWorker.java:52)
	at org.testng.SuiteRunnerWorker.run(SuiteRunnerWorker.java:86)
	at org.testng.TestNG.runSuitesSequentially(TestNG.java:1224)
	at org.testng.TestNG.runSuitesLocally(TestNG.java:1149)
	at org.testng.TestNG.run(TestNG.java:1057)
	at org.apache.maven.surefire.testng.TestNGExecutor.run(TestNGExecutor.java:283)
	at org.apache.maven.surefire.testng.TestNGXmlTestSuite.execute(TestNGXmlTestSuite.java:75)
	at org.apache.maven.surefire.testng.TestNGProvider.invoke(TestNGProvider.java:120)
	at org.apache.maven.surefire.booter.ForkedBooter.invokeProviderInSameClassLoader(ForkedBooter.java:384)
	at org.apache.maven.surefire.booter.ForkedBooter.runSuitesInProcess(ForkedBooter.java:345)
	at org.apache.maven.surefire.booter.ForkedBooter.execute(ForkedBooter.java:126)
	at org.apache.maven.surefire.booter.ForkedBooter.main(ForkedBooter.java:418)
</div></td></tr></table><p class="totop"><a href="#summary">back to summary</a></p><h3 id="m8">com.lemon17.cases.RechargeCase#test</h3><table class="result"><tr class="param"><th>Parameter #1</th></tr><tr class="param stripe"><td>CaseInfo{caseId=3, name=&apos;recharge&apos;, url=&apos;http://api.lemonban.com/futureloan/member/recharge&apos;, type=&apos;post&apos;, desc=&apos;负数&apos;, params=&apos;{&quot;member_id&quot;:&quot;100051395&quot;,&quot;amount&quot;:&quot;-6300&quot;}&apos;, contentType=&apos;json&apos;, expectedData=&apos;{&quot;$.code&quot;:0,&quot;$.msg&quot;:&quot;OK&quot;}&apos;, SQL=&apos;null&apos;}</td></tr><tr><th>Exception</th></tr><tr><td><div class="stacktrace">java.lang.AssertionError: expected [true] but found [false]
	at org.testng.Assert.fail(Assert.java:94)
	at org.testng.Assert.failNotEquals(Assert.java:494)
	at org.testng.Assert.assertEquals(Assert.java:123)
	at org.testng.Assert.assertEquals(Assert.java:286)
	at org.testng.Assert.assertEquals(Assert.java:296)
	at com.lemon17.cases.RechargeCase.test(RechargeCase.java:91)
	at sun.reflect.NativeMethodAccessorImpl.invoke0(Native Method)
	at sun.reflect.NativeMethodAccessorImpl.invoke(NativeMethodAccessorImpl.java:62)
	at sun.reflect.DelegatingMethodAccessorImpl.invoke(DelegatingMethodAccessorImpl.java:43)
	at java.lang.reflect.Method.invoke(Method.java:498)
	at org.testng.internal.MethodInvocationHelper.invokeMethod(MethodInvocationHelper.java:85)
	at org.testng.internal.Invoker.invokeMethod(Invoker.java:696)
	at org.testng.internal.Invoker.invokeTestMethod(Invoker.java:882)
	at org.testng.internal.Invoker.invokeTestMethods(Invoker.java:1189)
	at org.testng.internal.TestMethodWorker.invokeTestMethods(TestMethodWorker.java:124)
	at org.testng.internal.TestMethodWorker.run(TestMethodWorker.java:108)
	at org.testng.TestRunner.privateRun(TestRunner.java:767)
	at org.testng.TestRunner.run(TestRunner.java:617)
	at org.testng.SuiteRunner.runTest(SuiteRunner.java:348)
	at org.testng.SuiteRunner.runSequentially(SuiteRunner.java:343)
	at org.testng.SuiteRunner.privateRun(SuiteRunner.java:305)
	at org.testng.SuiteRunner.run(SuiteRunner.java:254)
	at org.testng.SuiteRunnerWorker.runSuite(SuiteRunnerWorker.java:52)
	at org.testng.SuiteRunnerWorker.run(SuiteRunnerWorker.java:86)
	at org.testng.TestNG.runSuitesSequentially(TestNG.java:1224)
	at org.testng.TestNG.runSuitesLocally(TestNG.java:1149)
	at org.testng.TestNG.run(TestNG.java:1057)
	at org.apache.maven.surefire.testng.TestNGExecutor.run(TestNGExecutor.java:283)
	at org.apache.maven.surefire.testng.TestNGXmlTestSuite.execute(TestNGXmlTestSuite.java:75)
	at org.apache.maven.surefire.testng.TestNGProvider.invoke(TestNGProvider.java:120)
	at org.apache.maven.surefire.booter.ForkedBooter.invokeProviderInSameClassLoader(ForkedBooter.java:384)
	at org.apache.maven.surefire.booter.ForkedBooter.runSuitesInProcess(ForkedBooter.java:345)
	at org.apache.maven.surefire.booter.ForkedBooter.execute(ForkedBooter.java:126)
	at org.apache.maven.surefire.booter.ForkedBooter.main(ForkedBooter.java:418)
</div></td></tr></table><p class="totop"><a href="#summary">back to summary</a></p><h3 id="m9">com.lemon17.cases.RechargeCase#test</h3><table class="result"><tr class="param"><th>Parameter #1</th></tr><tr class="param stripe"><td>CaseInfo{caseId=1, name=&apos;recharge&apos;, url=&apos;http://api.lemonban.com/futureloan/member/recharge&apos;, type=&apos;post&apos;, desc=&apos;非当前账号id&apos;, params=&apos;{&quot;member_id&quot;:&quot;-1&quot;,&quot;amount&quot;:&quot;6300&quot;}&apos;, contentType=&apos;json&apos;, expectedData=&apos;{&quot;$.code&quot;:0,&quot;$.msg&quot;:&quot;OK&quot;}&apos;, SQL=&apos;null&apos;}</td></tr><tr><th>Exception</th></tr><tr><td><div class="stacktrace">java.lang.AssertionError: expected [true] but found [false]
	at org.testng.Assert.fail(Assert.java:94)
	at org.testng.Assert.failNotEquals(Assert.java:494)
	at org.testng.Assert.assertEquals(Assert.java:123)
	at org.testng.Assert.assertEquals(Assert.java:286)
	at org.testng.Assert.assertEquals(Assert.java:296)
	at com.lemon17.cases.RechargeCase.test(RechargeCase.java:91)
	at sun.reflect.NativeMethodAccessorImpl.invoke0(Native Method)
	at sun.reflect.NativeMethodAccessorImpl.invoke(NativeMethodAccessorImpl.java:62)
	at sun.reflect.DelegatingMethodAccessorImpl.invoke(DelegatingMethodAccessorImpl.java:43)
	at java.lang.reflect.Method.invoke(Method.java:498)
	at org.testng.internal.MethodInvocationHelper.invokeMethod(MethodInvocationHelper.java:85)
	at org.testng.internal.Invoker.invokeMethod(Invoker.java:696)
	at org.testng.internal.Invoker.invokeTestMethod(Invoker.java:882)
	at org.testng.internal.Invoker.invokeTestMethods(Invoker.java:1189)
	at org.testng.internal.TestMethodWorker.invokeTestMethods(TestMethodWorker.java:124)
	at org.testng.internal.TestMethodWorker.run(TestMethodWorker.java:108)
	at org.testng.TestRunner.privateRun(TestRunner.java:767)
	at org.testng.TestRunner.run(TestRunner.java:617)
	at org.testng.SuiteRunner.runTest(SuiteRunner.java:348)
	at org.testng.SuiteRunner.runSequentially(SuiteRunner.java:343)
	at org.testng.SuiteRunner.privateRun(SuiteRunner.java:305)
	at org.testng.SuiteRunner.run(SuiteRunner.java:254)
	at org.testng.SuiteRunnerWorker.runSuite(SuiteRunnerWorker.java:52)
	at org.testng.SuiteRunnerWorker.run(SuiteRunnerWorker.java:86)
	at org.testng.TestNG.runSuitesSequentially(TestNG.java:1224)
	at org.testng.TestNG.runSuitesLocally(TestNG.java:1149)
	at org.testng.TestNG.run(TestNG.java:1057)
	at org.apache.maven.surefire.testng.TestNGExecutor.run(TestNGExecutor.java:283)
	at org.apache.maven.surefire.testng.TestNGXmlTestSuite.execute(TestNGXmlTestSuite.java:75)
	at org.apache.maven.surefire.testng.TestNGProvider.invoke(TestNGProvider.java:120)
	at org.apache.maven.surefire.booter.ForkedBooter.invokeProviderInSameClassLoader(ForkedBooter.java:384)
	at org.apache.maven.surefire.booter.ForkedBooter.runSuitesInProcess(ForkedBooter.java:345)
	at org.apache.maven.surefire.booter.ForkedBooter.execute(ForkedBooter.java:126)
	at org.apache.maven.surefire.booter.ForkedBooter.main(ForkedBooter.java:418)
</div></td></tr></table><p class="totop"><a href="#summary">back to summary</a></p><h3 id="m10">com.lemon17.cases.RechargeCase#test</h3><table class="result"><tr class="param"><th>Parameter #1</th></tr><tr class="param stripe"><td>CaseInfo{caseId=5, name=&apos;recharge&apos;, url=&apos;http://api.lemonban.com/futureloan/member/recharge&apos;, type=&apos;post&apos;, desc=&apos;正确用例&apos;, params=&apos;{&quot;member_id&quot;:&quot;100051395&quot;,&quot;amount&quot;:&quot;200.55&quot;}&apos;, contentType=&apos;json&apos;, expectedData=&apos;{&quot;$.code&quot;:0,&quot;$.msg&quot;:&quot;OK&quot;,&quot;$.data.mobile_phone&quot;:&quot;13000005555&quot;}&apos;, SQL=&apos;select leave_amount from member a where id = 100051395;&apos;}</td></tr></table><p class="totop"><a href="#summary">back to summary</a></p></body></html>