<?xml version="1.0" encoding="UTF-8"?>
<testng-results skipped="0" failed="4" total="11" passed="7">
  <reporter-output>
  </reporter-output>
  <suite name="All Test Suite" duration-ms="8574" started-at="2020-05-28T15:29:18Z" finished-at="2020-05-28T15:29:26Z">
    <groups>
    </groups>
    <test name="登录" duration-ms="5960" started-at="2020-05-28T15:29:18Z" finished-at="2020-05-28T15:29:24Z">
      <class name="com.lemon17.cases.LoginCase">
        <test-method status="PASS" signature="test(com.lemon17.pojo.CaseInfo)[pri:0, instance:com.lemon17.cases.LoginCase@60dce7ea]" name="test" duration-ms="1780" started-at="2020-05-28T23:29:21Z" data-provider="datas" finished-at="2020-05-28T23:29:23Z">
          <params>
            <param index="0">
              <value>
                <![CDATA[CaseInfo{caseId=1, name='login', url='http://api.lemonban.com/futureloan/member/login', type='post', desc='传手机号,不传密码', params='{"mobile_phone":"19000000000","pwd":""}', contentType='json', expectedData='{"$.code":0,"$.msg":"OK"}', SQL='null'}]]>
              </value>
            </param>
          </params>
          <reporter-output>
          </reporter-output>
        </test-method> <!-- test -->
        <test-method status="PASS" signature="test(com.lemon17.pojo.CaseInfo)[pri:0, instance:com.lemon17.cases.LoginCase@60dce7ea]" name="test" duration-ms="104" started-at="2020-05-28T23:29:23Z" data-provider="datas" finished-at="2020-05-28T23:29:23Z">
          <params>
            <param index="0">
              <value>
                <![CDATA[CaseInfo{caseId=2, name='login', url='http://api.lemonban.com/futureloan/member/login', type='post', desc='不传手机号，传密码', params='{"mobile_phone":"","pwd":"123456"}', contentType='json', expectedData='{"$.code":0,"$.msg":"OK"}', SQL='null'}]]>
              </value>
            </param>
          </params>
          <reporter-output>
          </reporter-output>
        </test-method> <!-- test -->
        <test-method status="PASS" signature="test(com.lemon17.pojo.CaseInfo)[pri:0, instance:com.lemon17.cases.LoginCase@60dce7ea]" name="test" duration-ms="102" started-at="2020-05-28T23:29:23Z" data-provider="datas" finished-at="2020-05-28T23:29:23Z">
          <params>
            <param index="0">
              <value>
                <![CDATA[CaseInfo{caseId=3, name='login', url='http://api.lemonban.com/futureloan/member/login', type='post', desc='不合格的手机号', params='{"mobile_phone":"123","pwd":"123456"}', contentType='json', expectedData='{"$.code":0,"$.msg":"OK"}', SQL='null'}]]>
              </value>
            </param>
          </params>
          <reporter-output>
          </reporter-output>
        </test-method> <!-- test -->
        <test-method status="PASS" signature="test(com.lemon17.pojo.CaseInfo)[pri:0, instance:com.lemon17.cases.LoginCase@60dce7ea]" name="test" duration-ms="108" started-at="2020-05-28T23:29:23Z" data-provider="datas" finished-at="2020-05-28T23:29:23Z">
          <params>
            <param index="0">
              <value>
                <![CDATA[CaseInfo{caseId=4, name='login', url='http://api.lemonban.com/futureloan/member/login', type='post', desc='合格的手机号+不合格密码', params='{"mobile_phone":"13000005555","pwd":"12345"}', contentType='json', expectedData='{"$.code":0,"$.msg":"OK"}', SQL='null'}]]>
              </value>
            </param>
          </params>
          <reporter-output>
          </reporter-output>
        </test-method> <!-- test -->
        <test-method status="PASS" signature="test(com.lemon17.pojo.CaseInfo)[pri:0, instance:com.lemon17.cases.LoginCase@60dce7ea]" name="test" duration-ms="104" started-at="2020-05-28T23:29:23Z" data-provider="datas" finished-at="2020-05-28T23:29:24Z">
          <params>
            <param index="0">
              <value>
                <![CDATA[CaseInfo{caseId=5, name='login', url='http://api.lemonban.com/futureloan/member/login', type='post', desc='合格手机号+合格密码', params='{"mobile_phone":"13000005555","pwd":"12345678"}', contentType='json', expectedData='{"$.code":0,"$.msg":"OK"}', SQL='null'}]]>
              </value>
            </param>
          </params>
          <reporter-output>
          </reporter-output>
        </test-method> <!-- test -->
        <test-method status="PASS" signature="test(com.lemon17.pojo.CaseInfo)[pri:0, instance:com.lemon17.cases.LoginCase@60dce7ea]" name="test" duration-ms="108" started-at="2020-05-28T23:29:24Z" data-provider="datas" finished-at="2020-05-28T23:29:24Z">
          <params>
            <param index="0">
              <value>
                <![CDATA[CaseInfo{caseId=6, name='login', url='http://api.lemonban.com/futureloan/member/login', type='post', desc='重复以上的手机号+密码', params='{"mobile_phone":"13000005555","pwd":"12345678"}', contentType='json', expectedData='{"$.code":0,"$.msg":"OK","$.data.mobile_phone":"13888444411"}', SQL='null'}]]>
              </value>
            </param>
          </params>
          <reporter-output>
          </reporter-output>
        </test-method> <!-- test -->
      </class> <!-- com.lemon17.cases.LoginCase -->
    </test> <!-- 登录 -->
    <test name="充值" duration-ms="2462" started-at="2020-05-28T15:29:24Z" finished-at="2020-05-28T15:29:26Z">
      <class name="com.lemon17.cases.RechargeCase">
        <test-method status="PASS" signature="init()[pri:0, instance:com.lemon17.cases.RechargeCase@3918c187]" name="init" is-config="true" duration-ms="101" started-at="2020-05-28T23:29:18Z" finished-at="2020-05-28T23:29:18Z">
          <reporter-output>
          </reporter-output>
        </test-method> <!-- init -->
        <test-method status="FAIL" signature="test(com.lemon17.pojo.CaseInfo)[pri:0, instance:com.lemon17.cases.RechargeCase@3918c187]" name="test" duration-ms="107" started-at="2020-05-28T23:29:24Z" data-provider="datas" finished-at="2020-05-28T23:29:24Z">
          <params>
            <param index="0">
              <value>
                <![CDATA[CaseInfo{caseId=1, name='recharge', url='http://api.lemonban.com/futureloan/member/recharge', type='post', desc='非当前账号id', params='{"member_id":"-1","amount":"6300"}', contentType='json', expectedData='{"$.code":0,"$.msg":"OK"}', SQL='null'}]]>
              </value>
            </param>
          </params>
          <exception class="java.lang.AssertionError">
            <message>
              <![CDATA[expected [true] but found [false]]]>
            </message>
            <full-stacktrace>
              <![CDATA[java.lang.AssertionError: expected [true] but found [false]
	at org.testng.Assert.fail(Assert.java:94)
	at org.testng.Assert.failNotEquals(Assert.java:494)
	at org.testng.Assert.assertEquals(Assert.java:123)
	at org.testng.Assert.assertEquals(Assert.java:286)
	at org.testng.Assert.assertEquals(Assert.java:296)
	at com.lemon17.cases.RechargeCase.test(RechargeCase.java:91)
	at sun.reflect.NativeMethodAccessorImpl.invoke0(Native Method)
	at sun.reflect.NativeMethodAccessorImpl.invoke(NativeMethodAccessorImpl.java:62)
	at sun.reflect.DelegatingMethodAccessorImpl.invoke(DelegatingMethodAccessorImpl.java:43)
	at java.lang.reflect.Method.invoke(Method.java:498)
	at org.testng.internal.MethodInvocationHelper.invokeMethod(MethodInvocationHelper.java:85)
	at org.testng.internal.Invoker.invokeMethod(Invoker.java:696)
	at org.testng.internal.Invoker.invokeTestMethod(Invoker.java:882)
	at org.testng.internal.Invoker.invokeTestMethods(Invoker.java:1189)
	at org.testng.internal.TestMethodWorker.invokeTestMethods(TestMethodWorker.java:124)
	at org.testng.internal.TestMethodWorker.run(TestMethodWorker.java:108)
	at org.testng.TestRunner.privateRun(TestRunner.java:767)
	at org.testng.TestRunner.run(TestRunner.java:617)
	at org.testng.SuiteRunner.runTest(SuiteRunner.java:348)
	at org.testng.SuiteRunner.runSequentially(SuiteRunner.java:343)
	at org.testng.SuiteRunner.privateRun(SuiteRunner.java:305)
	at org.testng.SuiteRunner.run(SuiteRunner.java:254)
	at org.testng.SuiteRunnerWorker.runSuite(SuiteRunnerWorker.java:52)
	at org.testng.SuiteRunnerWorker.run(SuiteRunnerWorker.java:86)
	at org.testng.TestNG.runSuitesSequentially(TestNG.java:1224)
	at org.testng.TestNG.runSuitesLocally(TestNG.java:1149)
	at org.testng.TestNG.run(TestNG.java:1057)
	at org.apache.maven.surefire.testng.TestNGExecutor.run(TestNGExecutor.java:283)
	at org.apache.maven.surefire.testng.TestNGXmlTestSuite.execute(TestNGXmlTestSuite.java:75)
	at org.apache.maven.surefire.testng.TestNGProvider.invoke(TestNGProvider.java:120)
	at org.apache.maven.surefire.booter.ForkedBooter.invokeProviderInSameClassLoader(ForkedBooter.java:384)
	at org.apache.maven.surefire.booter.ForkedBooter.runSuitesInProcess(ForkedBooter.java:345)
	at org.apache.maven.surefire.booter.ForkedBooter.execute(ForkedBooter.java:126)
	at org.apache.maven.surefire.booter.ForkedBooter.main(ForkedBooter.java:418)
]]>
            </full-stacktrace>
          </exception> <!-- java.lang.AssertionError -->
          <reporter-output>
          </reporter-output>
        </test-method> <!-- test -->
        <test-method status="FAIL" signature="test(com.lemon17.pojo.CaseInfo)[pri:0, instance:com.lemon17.cases.RechargeCase@3918c187]" name="test" duration-ms="98" started-at="2020-05-28T23:29:24Z" data-provider="datas" finished-at="2020-05-28T23:29:24Z">
          <params>
            <param index="0">
              <value>
                <![CDATA[CaseInfo{caseId=2, name='recharge', url='http://api.lemonban.com/futureloan/member/recharge', type='post', desc='超过50万', params='{"member_id":"100051395","amount":"1116300"}', contentType='json', expectedData='{"$.code":0,"$.msg":"OK"}', SQL='null'}]]>
              </value>
            </param>
          </params>
          <exception class="java.lang.AssertionError">
            <message>
              <![CDATA[expected [true] but found [false]]]>
            </message>
            <full-stacktrace>
              <![CDATA[java.lang.AssertionError: expected [true] but found [false]
	at org.testng.Assert.fail(Assert.java:94)
	at org.testng.Assert.failNotEquals(Assert.java:494)
	at org.testng.Assert.assertEquals(Assert.java:123)
	at org.testng.Assert.assertEquals(Assert.java:286)
	at org.testng.Assert.assertEquals(Assert.java:296)
	at com.lemon17.cases.RechargeCase.test(RechargeCase.java:91)
	at sun.reflect.NativeMethodAccessorImpl.invoke0(Native Method)
	at sun.reflect.NativeMethodAccessorImpl.invoke(NativeMethodAccessorImpl.java:62)
	at sun.reflect.DelegatingMethodAccessorImpl.invoke(DelegatingMethodAccessorImpl.java:43)
	at java.lang.reflect.Method.invoke(Method.java:498)
	at org.testng.internal.MethodInvocationHelper.invokeMethod(MethodInvocationHelper.java:85)
	at org.testng.internal.Invoker.invokeMethod(Invoker.java:696)
	at org.testng.internal.Invoker.invokeTestMethod(Invoker.java:882)
	at org.testng.internal.Invoker.invokeTestMethods(Invoker.java:1189)
	at org.testng.internal.TestMethodWorker.invokeTestMethods(TestMethodWorker.java:124)
	at org.testng.internal.TestMethodWorker.run(TestMethodWorker.java:108)
	at org.testng.TestRunner.privateRun(TestRunner.java:767)
	at org.testng.TestRunner.run(TestRunner.java:617)
	at org.testng.SuiteRunner.runTest(SuiteRunner.java:348)
	at org.testng.SuiteRunner.runSequentially(SuiteRunner.java:343)
	at org.testng.SuiteRunner.privateRun(SuiteRunner.java:305)
	at org.testng.SuiteRunner.run(SuiteRunner.java:254)
	at org.testng.SuiteRunnerWorker.runSuite(SuiteRunnerWorker.java:52)
	at org.testng.SuiteRunnerWorker.run(SuiteRunnerWorker.java:86)
	at org.testng.TestNG.runSuitesSequentially(TestNG.java:1224)
	at org.testng.TestNG.runSuitesLocally(TestNG.java:1149)
	at org.testng.TestNG.run(TestNG.java:1057)
	at org.apache.maven.surefire.testng.TestNGExecutor.run(TestNGExecutor.java:283)
	at org.apache.maven.surefire.testng.TestNGXmlTestSuite.execute(TestNGXmlTestSuite.java:75)
	at org.apache.maven.surefire.testng.TestNGProvider.invoke(TestNGProvider.java:120)
	at org.apache.maven.surefire.booter.ForkedBooter.invokeProviderInSameClassLoader(ForkedBooter.java:384)
	at org.apache.maven.surefire.booter.ForkedBooter.runSuitesInProcess(ForkedBooter.java:345)
	at org.apache.maven.surefire.booter.ForkedBooter.execute(ForkedBooter.java:126)
	at org.apache.maven.surefire.booter.ForkedBooter.main(ForkedBooter.java:418)
]]>
            </full-stacktrace>
          </exception> <!-- java.lang.AssertionError -->
          <reporter-output>
          </reporter-output>
        </test-method> <!-- test -->
        <test-method status="FAIL" signature="test(com.lemon17.pojo.CaseInfo)[pri:0, instance:com.lemon17.cases.RechargeCase@3918c187]" name="test" duration-ms="99" started-at="2020-05-28T23:29:24Z" data-provider="datas" finished-at="2020-05-28T23:29:24Z">
          <params>
            <param index="0">
              <value>
                <![CDATA[CaseInfo{caseId=3, name='recharge', url='http://api.lemonban.com/futureloan/member/recharge', type='post', desc='负数', params='{"member_id":"100051395","amount":"-6300"}', contentType='json', expectedData='{"$.code":0,"$.msg":"OK"}', SQL='null'}]]>
              </value>
            </param>
          </params>
          <exception class="java.lang.AssertionError">
            <message>
              <![CDATA[expected [true] but found [false]]]>
            </message>
            <full-stacktrace>
              <![CDATA[java.lang.AssertionError: expected [true] but found [false]
	at org.testng.Assert.fail(Assert.java:94)
	at org.testng.Assert.failNotEquals(Assert.java:494)
	at org.testng.Assert.assertEquals(Assert.java:123)
	at org.testng.Assert.assertEquals(Assert.java:286)
	at org.testng.Assert.assertEquals(Assert.java:296)
	at com.lemon17.cases.RechargeCase.test(RechargeCase.java:91)
	at sun.reflect.NativeMethodAccessorImpl.invoke0(Native Method)
	at sun.reflect.NativeMethodAccessorImpl.invoke(NativeMethodAccessorImpl.java:62)
	at sun.reflect.DelegatingMethodAccessorImpl.invoke(DelegatingMethodAccessorImpl.java:43)
	at java.lang.reflect.Method.invoke(Method.java:498)
	at org.testng.internal.MethodInvocationHelper.invokeMethod(MethodInvocationHelper.java:85)
	at org.testng.internal.Invoker.invokeMethod(Invoker.java:696)
	at org.testng.internal.Invoker.invokeTestMethod(Invoker.java:882)
	at org.testng.internal.Invoker.invokeTestMethods(Invoker.java:1189)
	at org.testng.internal.TestMethodWorker.invokeTestMethods(TestMethodWorker.java:124)
	at org.testng.internal.TestMethodWorker.run(TestMethodWorker.java:108)
	at org.testng.TestRunner.privateRun(TestRunner.java:767)
	at org.testng.TestRunner.run(TestRunner.java:617)
	at org.testng.SuiteRunner.runTest(SuiteRunner.java:348)
	at org.testng.SuiteRunner.runSequentially(SuiteRunner.java:343)
	at org.testng.SuiteRunner.privateRun(SuiteRunner.java:305)
	at org.testng.SuiteRunner.run(SuiteRunner.java:254)
	at org.testng.SuiteRunnerWorker.runSuite(SuiteRunnerWorker.java:52)
	at org.testng.SuiteRunnerWorker.run(SuiteRunnerWorker.java:86)
	at org.testng.TestNG.runSuitesSequentially(TestNG.java:1224)
	at org.testng.TestNG.runSuitesLocally(TestNG.java:1149)
	at org.testng.TestNG.run(TestNG.java:1057)
	at org.apache.maven.surefire.testng.TestNGExecutor.run(TestNGExecutor.java:283)
	at org.apache.maven.surefire.testng.TestNGXmlTestSuite.execute(TestNGXmlTestSuite.java:75)
	at org.apache.maven.surefire.testng.TestNGProvider.invoke(TestNGProvider.java:120)
	at org.apache.maven.surefire.booter.ForkedBooter.invokeProviderInSameClassLoader(ForkedBooter.java:384)
	at org.apache.maven.surefire.booter.ForkedBooter.runSuitesInProcess(ForkedBooter.java:345)
	at org.apache.maven.surefire.booter.ForkedBooter.execute(ForkedBooter.java:126)
	at org.apache.maven.surefire.booter.ForkedBooter.main(ForkedBooter.java:418)
]]>
            </full-stacktrace>
          </exception> <!-- java.lang.AssertionError -->
          <reporter-output>
          </reporter-output>
        </test-method> <!-- test -->
        <test-method status="FAIL" signature="test(com.lemon17.pojo.CaseInfo)[pri:0, instance:com.lemon17.cases.RechargeCase@3918c187]" name="test" duration-ms="98" started-at="2020-05-28T23:29:25Z" data-provider="datas" finished-at="2020-05-28T23:29:25Z">
          <params>
            <param index="0">
              <value>
                <![CDATA[CaseInfo{caseId=4, name='recharge', url='http://api.lemonban.com/futureloan/member/recharge', type='post', desc='非数字', params='{"member_id":"100051395","amount":"aaa"}', contentType='json', expectedData='{"$.code":0,"$.msg":"OK"}', SQL='null'}]]>
              </value>
            </param>
          </params>
          <exception class="java.lang.AssertionError">
            <message>
              <![CDATA[expected [true] but found [false]]]>
            </message>
            <full-stacktrace>
              <![CDATA[java.lang.AssertionError: expected [true] but found [false]
	at org.testng.Assert.fail(Assert.java:94)
	at org.testng.Assert.failNotEquals(Assert.java:494)
	at org.testng.Assert.assertEquals(Assert.java:123)
	at org.testng.Assert.assertEquals(Assert.java:286)
	at org.testng.Assert.assertEquals(Assert.java:296)
	at com.lemon17.cases.RechargeCase.test(RechargeCase.java:91)
	at sun.reflect.NativeMethodAccessorImpl.invoke0(Native Method)
	at sun.reflect.NativeMethodAccessorImpl.invoke(NativeMethodAccessorImpl.java:62)
	at sun.reflect.DelegatingMethodAccessorImpl.invoke(DelegatingMethodAccessorImpl.java:43)
	at java.lang.reflect.Method.invoke(Method.java:498)
	at org.testng.internal.MethodInvocationHelper.invokeMethod(MethodInvocationHelper.java:85)
	at org.testng.internal.Invoker.invokeMethod(Invoker.java:696)
	at org.testng.internal.Invoker.invokeTestMethod(Invoker.java:882)
	at org.testng.internal.Invoker.invokeTestMethods(Invoker.java:1189)
	at org.testng.internal.TestMethodWorker.invokeTestMethods(TestMethodWorker.java:124)
	at org.testng.internal.TestMethodWorker.run(TestMethodWorker.java:108)
	at org.testng.TestRunner.privateRun(TestRunner.java:767)
	at org.testng.TestRunner.run(TestRunner.java:617)
	at org.testng.SuiteRunner.runTest(SuiteRunner.java:348)
	at org.testng.SuiteRunner.runSequentially(SuiteRunner.java:343)
	at org.testng.SuiteRunner.privateRun(SuiteRunner.java:305)
	at org.testng.SuiteRunner.run(SuiteRunner.java:254)
	at org.testng.SuiteRunnerWorker.runSuite(SuiteRunnerWorker.java:52)
	at org.testng.SuiteRunnerWorker.run(SuiteRunnerWorker.java:86)
	at org.testng.TestNG.runSuitesSequentially(TestNG.java:1224)
	at org.testng.TestNG.runSuitesLocally(TestNG.java:1149)
	at org.testng.TestNG.run(TestNG.java:1057)
	at org.apache.maven.surefire.testng.TestNGExecutor.run(TestNGExecutor.java:283)
	at org.apache.maven.surefire.testng.TestNGXmlTestSuite.execute(TestNGXmlTestSuite.java:75)
	at org.apache.maven.surefire.testng.TestNGProvider.invoke(TestNGProvider.java:120)
	at org.apache.maven.surefire.booter.ForkedBooter.invokeProviderInSameClassLoader(ForkedBooter.java:384)
	at org.apache.maven.surefire.booter.ForkedBooter.runSuitesInProcess(ForkedBooter.java:345)
	at org.apache.maven.surefire.booter.ForkedBooter.execute(ForkedBooter.java:126)
	at org.apache.maven.surefire.booter.ForkedBooter.main(ForkedBooter.java:418)
]]>
            </full-stacktrace>
          </exception> <!-- java.lang.AssertionError -->
          <reporter-output>
          </reporter-output>
        </test-method> <!-- test -->
        <test-method status="PASS" signature="test(com.lemon17.pojo.CaseInfo)[pri:0, instance:com.lemon17.cases.RechargeCase@3918c187]" name="test" duration-ms="1685" started-at="2020-05-28T23:29:25Z" data-provider="datas" finished-at="2020-05-28T23:29:26Z">
          <params>
            <param index="0">
              <value>
                <![CDATA[CaseInfo{caseId=5, name='recharge', url='http://api.lemonban.com/futureloan/member/recharge', type='post', desc='正确用例', params='{"member_id":"100051395","amount":"200.55"}', contentType='json', expectedData='{"$.code":0,"$.msg":"OK","$.data.mobile_phone":"13000005555"}', SQL='select leave_amount from member a where id = 100051395;'}]]>
              </value>
            </param>
          </params>
          <reporter-output>
          </reporter-output>
        </test-method> <!-- test -->
        <test-method status="PASS" signature="finish()[pri:0, instance:com.lemon17.cases.RechargeCase@3918c187]" name="finish" is-config="true" duration-ms="1740" started-at="2020-05-28T23:29:26Z" finished-at="2020-05-28T23:29:28Z">
          <reporter-output>
          </reporter-output>
        </test-method> <!-- finish -->
      </class> <!-- com.lemon17.cases.RechargeCase -->
    </test> <!-- 充值 -->
  </suite> <!-- All Test Suite -->
</testng-results>
